<?xml version="1.0" encoding="UTF-8"?>
<!-- Generated by org.testng.reporters.JUnitReportReporter -->
<testsuite hostname="DESKTOP-3IDCSOL" failures="0" tests="1" name="Kite_App_TestClass.Kiteid_TestClass_with_Property" time="3.662" errors="0" timestamp="2022-06-22T19:48:02 IST" skipped="0">
  <testcase classname="Kite_App_TestClass.Kiteid_TestClass_with_Property" name="validateUserName" time="3.662"/>
  <system-out>
    <![CDATA[User names are matching TC is passed]]>
  </system-out>
</testsuite> <!-- Kite_App_TestClass.Kiteid_TestClass_with_Property -->
