<?xml version="1.0" encoding="UTF-8"?>
<!-- Generated by org.testng.reporters.JUnitReportReporter -->
<testsuite hostname="DESKTOP-3IDCSOL" failures="0" tests="2" name="test_NG_Listener.Pune_City" time="0.013" errors="0" timestamp="2022-06-22T18:58:01 IST" skipped="0">
  <testcase classname="test_NG_Listener.Pune_City" name="Swargate" time="0.011"/>
  <system-out>
    <![CDATA[Swargate TC is running
TC is sucessful
pass TC name is Swargate]]>
  </system-out>
  <testcase classname="test_NG_Listener.Pune_City" name="shivajiNagar" time="0.002"/>
  <system-out>
    <![CDATA[shivajiNagar TC is running
TC is sucessful
pass TC name is shivajiNagar]]>
  </system-out>
</testsuite> <!-- test_NG_Listener.Pune_City -->
