<?xml version="1.0" encoding="UTF-8"?>
<!-- Generated by org.testng.reporters.JUnitReportReporter -->
<testsuite hostname="DESKTOP-3IDCSOL" failures="0" tests="1" name="test_NG.Anootation_study" time="0.010" errors="0" timestamp="2022-06-10T18:12:40 GMT-08:00" skipped="0">
  <testcase classname="test_NG.Anootation_study" name="mytesting" time="0.010"/>
  <system-out>
    <![CDATA[Test Method 2 is running]]>
  </system-out>
</testsuite> <!-- test_NG.Anootation_study -->
