<?xml version="1.0" encoding="UTF-8"?>
<!-- Generated by org.testng.reporters.JUnitReportReporter -->
<testsuite hostname="DESKTOP-3IDCSOL" failures="0" tests="2" name="test_NG.annotation_2" time="0.011" errors="0" timestamp="2022-06-10T16:50:31 GMT-08:00" skipped="0">
  <testcase classname="test_NG.annotation_2" name="thirdtest" time="0.005"/>
  <system-out>
    <![CDATA[Test Method 1 is running]]>
  </system-out>
  <testcase classname="test_NG.annotation_2" name="fourthtest" time="0.006"/>
  <system-out>
    <![CDATA[Test Method 2 is running]]>
  </system-out>
</testsuite> <!-- test_NG.annotation_2 -->
