<?xml version="1.0" encoding="UTF-8"?>
<!-- Generated by org.testng.reporters.JUnitReportReporter -->
<testsuite hostname="DESKTOP-3IDCSOL" failures="0" tests="1" name="test_NG_parallel_exe.Testclass3" time="22.296" errors="0" timestamp="2022-06-17T09:17:23 GMT-08:00" skipped="0">
  <testcase classname="test_NG_parallel_exe.Testclass3" name="method3" time="22.296"/>
  <system-out>
    <![CDATA[third method is running]]>
  </system-out>
</testsuite> <!-- test_NG_parallel_exe.Testclass3 -->
