<?xml version="1.0" encoding="UTF-8"?>
<!-- Generated by org.testng.reporters.JUnitReportReporter -->
<testsuite hostname="DESKTOP-3IDCSOL" failures="0" tests="2" name="test_NG.annotation_study_3" time="0.013" errors="0" timestamp="2022-06-10T18:04:23 GMT-08:00" skipped="0">
  <testcase classname="test_NG.annotation_study_3" name="thirdtest" time="0.004"/>
  <system-out>
    <![CDATA[Test Method 3 is running]]>
  </system-out>
  <testcase classname="test_NG.annotation_study_3" name="fourthtest" time="0.009"/>
  <system-out>
    <![CDATA[Test Method 4 is running]]>
  </system-out>
</testsuite> <!-- test_NG.annotation_study_3 -->
