<?xml version="1.0" encoding="UTF-8"?>
<!-- Generated by org.testng.reporters.JUnitReportReporter -->
<testsuite hostname="DESKTOP-3IDCSOL" failures="0" tests="1" name="test_NG_parallel_exe.Testclass1" time="37.432" errors="0" timestamp="2022-06-17T09:17:23 GMT-08:00" skipped="0">
  <testcase classname="test_NG_parallel_exe.Testclass1" name="method1" time="37.432"/>
  <system-out>
    <![CDATA[first method is running]]>
  </system-out>
</testsuite> <!-- test_NG_parallel_exe.Testclass1 -->
