<?xml version="1.0" encoding="UTF-8"?>
<!-- Generated by org.testng.reporters.JUnitReportReporter -->
<testsuite hostname="DESKTOP-3IDCSOL" failures="0" tests="3" name="test_NG.NewTest_NG" time="20.413" errors="0" timestamp="2022-06-14T22:40:39 GMT-08:00" skipped="0">
  <testcase classname="test_NG.NewTest_NG" name="myfirstmethod" time="12.069"/>
  <system-out/>
  <testcase classname="test_NG.NewTest_NG" name="mysecondmethod" time="4.242"/>
  <system-out>
    <![CDATA[second method is running]]>
  </system-out>
  <testcase classname="test_NG.NewTest_NG" name="mythirdmethod" time="4.102"/>
  <system-out>
    <![CDATA[third method is running]]>
  </system-out>
</testsuite> <!-- test_NG.NewTest_NG -->
