<?xml version="1.0" encoding="UTF-8"?>
<!-- Generated by org.testng.reporters.JUnitReportReporter -->
<testsuite hostname="DESKTOP-3IDCSOL" failures="0" tests="2" name="test_NG.annotation_study_2" time="0.009" errors="0" timestamp="2022-06-10T18:04:22 GMT-08:00" skipped="0">
  <testcase classname="test_NG.annotation_study_2" name="firsttest" time="0.005"/>
  <system-out>
    <![CDATA[Test Method 1 is running]]>
  </system-out>
  <testcase classname="test_NG.annotation_study_2" name="secondtest" time="0.004"/>
  <system-out>
    <![CDATA[Test Method 2 is running]]>
  </system-out>
</testsuite> <!-- test_NG.annotation_study_2 -->
