<?xml version="1.0" encoding="UTF-8"?>
<!-- Generated by org.testng.reporters.JUnitReportReporter -->
<testsuite hostname="DESKTOP-3IDCSOL" failures="0" tests="3" name="test_NG_keywords.InvocationCount_keywords" time="0.035" errors="0" timestamp="2022-06-13T18:45:29 GMT-08:00" skipped="0">
  <testcase classname="test_NG_keywords.InvocationCount_keywords" name="myMethod" time="0.015"/>
  <system-out>
    <![CDATA[my Method is Running]]>
  </system-out>
  <testcase classname="test_NG_keywords.InvocationCount_keywords" name="myMethod" time="0.013"/>
  <system-out>
    <![CDATA[my Method is Running]]>
  </system-out>
  <testcase classname="test_NG_keywords.InvocationCount_keywords" name="myMethod" time="0.007"/>
  <system-out>
    <![CDATA[my Method is Running]]>
  </system-out>
</testsuite> <!-- test_NG_keywords.InvocationCount_keywords -->
