<?xml version="1.0" encoding="UTF-8"?>
<!-- Generated by org.testng.reporters.JUnitReportReporter -->
<testsuite hostname="DESKTOP-3IDCSOL" failures="0" tests="2" name="test_NG_XMLstudy.XML_TestClass" time="0.016" errors="0" timestamp="2022-06-14T18:07:12 GMT-08:00" skipped="0">
  <testcase classname="test_NG_XMLstudy.XML_TestClass" name="fourthmethod" time="0.002"/>
  <system-out>
    <![CDATA[Method 3 is Running]]>
  </system-out>
  <testcase classname="test_NG_XMLstudy.XML_TestClass" name="firstmethod" time="0.014"/>
  <system-out>
    <![CDATA[Method 2 is Running]]>
  </system-out>
</testsuite> <!-- test_NG_XMLstudy.XML_TestClass -->
