<?xml version="1.0" encoding="UTF-8"?>
<!-- Generated by org.testng.reporters.JUnitReportReporter -->
<testsuite hostname="DESKTOP-3IDCSOL" failures="0" tests="1" name="Kite_App_TestClass.kite_userid_validate" time="10.276" errors="0" timestamp="2022-06-21T19:11:45 IST" skipped="0">
  <testcase classname="Kite_App_TestClass.kite_userid_validate" name="validateUserName" time="10.276"/>
  <system-out>
    <![CDATA[User names are matching TC is passed]]>
  </system-out>
</testsuite> <!-- Kite_App_TestClass.kite_userid_validate -->
