<?xml version="1.0" encoding="UTF-8"?>
<!-- Generated by org.testng.reporters.JUnitReportReporter -->
<testsuite hostname="DESKTOP-3IDCSOL" failures="0" tests="1" name="test_NG_verification_assert.practise_Assert" time="26.260" errors="0" timestamp="2022-06-15T04:21:02 GMT-08:00" skipped="0">
  <testcase classname="test_NG_verification_assert.practise_Assert" name="method1" time="26.260"/>
  <system-out>
    <![CDATA[CheckBox is Selected TC is Passed
 text box is not null tc is pass]]>
  </system-out>
</testsuite> <!-- test_NG_verification_assert.practise_Assert -->
