<?xml version="1.0" encoding="UTF-8"?>
<!-- Generated by org.testng.reporters.JUnitReportReporter -->
<testsuite hostname="DESKTOP-3IDCSOL" failures="0" tests="1" name="test_NG_verification_assert.Assert_truefalse" time="0.016" errors="0" timestamp="2022-06-15T02:07:05 GMT-08:00" skipped="0">
  <testcase classname="test_NG_verification_assert.Assert_truefalse" name="f" time="0.016"/>
  <system-out>
    <![CDATA[value is true TC is PASSED
value is false TC is PASSED]]>
  </system-out>
</testsuite> <!-- test_NG_verification_assert.Assert_truefalse -->
