<?xml version="1.0" encoding="UTF-8"?>
<!-- Generated by org.testng.reporters.JUnitReportReporter -->
<testsuite hostname="DESKTOP-3IDCSOL" failures="0" tests="1" name="POM_Framewok_dynamic.test_NG_POM_crossbrowser" time="3.726" errors="0" timestamp="2022-06-24T23:23:11 IST" skipped="0">
  <testcase classname="POM_Framewok_dynamic.test_NG_POM_crossbrowser" name="verifyKiteUserName" time="3.726"/>
  <system-out>
    <![CDATA[Validating user ID 
Expected UserID and Actual UserID are matching TC is PASSED]]>
  </system-out>
</testsuite> <!-- POM_Framewok_dynamic.test_NG_POM_crossbrowser -->
