<?xml version="1.0" encoding="UTF-8"?>
<!-- Generated by org.testng.reporters.JUnitReportReporter -->
<testsuite hostname="DESKTOP-3IDCSOL" failures="0" tests="1" name="test_NG_verification_assert.Assert_equals" time="0.018" errors="0" timestamp="2022-06-15T02:02:09 GMT-08:00" skipped="0">
  <testcase classname="test_NG_verification_assert.Assert_equals" name="myTC" time="0.018"/>
  <system-out>
    <![CDATA[Strings are matching TC is Passed
Strings are not matching TC is PASSED]]>
  </system-out>
</testsuite> <!-- test_NG_verification_assert.Assert_equals -->
