<?xml version="1.0" encoding="UTF-8"?>
<!-- Generated by org.testng.reporters.JUnitReportReporter -->
<testsuite hostname="DESKTOP-3IDCSOL" failures="0" tests="2" name="test_NG_Soft_assert.Soft_Assert_Study" time="0.031" errors="0" timestamp="2022-06-16T05:53:40 GMT-08:00" skipped="0">
  <testcase classname="test_NG_Soft_assert.Soft_Assert_Study" name="myMethod1" time="0.016"/>
  <system-out/>
  <testcase classname="test_NG_Soft_assert.Soft_Assert_Study" name="myMethod" time="0.015"/>
  <system-out/>
</testsuite> <!-- test_NG_Soft_assert.Soft_Assert_Study -->
