<?xml version="1.0" encoding="UTF-8"?>
<!-- Generated by org.testng.reporters.JUnitReportReporter -->
<testsuite hostname="DESKTOP-3IDCSOL" failures="0" tests="1" name="POM_Framewok_dynamic.testNG_POM_testClass" time="4.011" errors="0" timestamp="2022-06-21T20:02:08 IST" skipped="0">
  <testcase classname="POM_Framewok_dynamic.testNG_POM_testClass" name="verifyKiteUserName" time="4.011"/>
  <system-out>
    <![CDATA[Validating user ID 
Expected UserID and Actual UserID are matching TC is PASSED]]>
  </system-out>
</testsuite> <!-- POM_Framewok_dynamic.testNG_POM_testClass -->
