<?xml version="1.0" encoding="UTF-8"?>
<!-- Generated by org.testng.reporters.JUnitReportReporter -->
<testsuite hostname="DESKTOP-3IDCSOL" failures="0" tests="1" name="test_NG_XMLstudy.XML_testClass2" time="0.002" errors="0" timestamp="2022-06-14T18:07:12 GMT-08:00" skipped="0">
  <testcase classname="test_NG_XMLstudy.XML_testClass2" name="Method7" time="0.002"/>
  <system-out>
    <![CDATA[Method 8 is Running]]>
  </system-out>
</testsuite> <!-- test_NG_XMLstudy.XML_testClass2 -->
