<?xml version="1.0" encoding="UTF-8"?>
<!-- Generated by org.testng.reporters.JUnitReportReporter -->
<testsuite hostname="DESKTOP-3IDCSOL" failures="0" tests="2" name="test_NG_Listener.Mumbai_City" time="0.015" errors="0" timestamp="2022-06-22T16:44:39 IST" skipped="0">
  <testcase classname="test_NG_Listener.Mumbai_City" name="Sanpada" time="0.013"/>
  <system-out>
    <![CDATA[Sanpada TC is running
TC is sucessful]]>
  </system-out>
  <testcase classname="test_NG_Listener.Mumbai_City" name="ghanSoli" time="0.002"/>
  <system-out>
    <![CDATA[ghanSoli TC is running
TC is sucessful]]>
  </system-out>
</testsuite> <!-- test_NG_Listener.Mumbai_City -->
