<?xml version="1.0" encoding="UTF-8"?>
<!-- Generated by org.testng.reporters.JUnitReportReporter -->
<testsuite hostname="DESKTOP-3IDCSOL" failures="0" tests="4" name="test_NG_keywords.priority_keywords" time="0.019" errors="0" timestamp="2022-06-14T17:47:07 GMT-08:00" skipped="0">
  <testcase classname="test_NG_keywords.priority_keywords" name="D" time="0.011"/>
  <system-out>
    <![CDATA[C is running]]>
  </system-out>
  <testcase classname="test_NG_keywords.priority_keywords" name="B" time="0.003"/>
  <system-out>
    <![CDATA[B is running]]>
  </system-out>
  <testcase classname="test_NG_keywords.priority_keywords" name="A" time="0.002"/>
  <system-out>
    <![CDATA[A is running]]>
  </system-out>
  <testcase classname="test_NG_keywords.priority_keywords" name="C" time="0.003"/>
  <system-out>
    <![CDATA[D is running]]>
  </system-out>
</testsuite> <!-- test_NG_keywords.priority_keywords -->
